APP Seal - Extracción completa final
====================================================================================================
fecha_ejecucion: 2026-06-20 19:40:09
fuente: https://www.seal.com.pe/clientes/SitePages/Cortes.aspx
fecha_base: 2026-06-20
fecha_inicio: 2026-06-06
fecha_fin: 2026-07-20
dias_atras: 14
dias_adelante: 30
metodo_ids: 
ids_detectados: 0
eventos_totales_extraidos: 0
eventos_guardados_en_rango: 0
output_dir: docs
====================================================================================================

[INIT] https://www.seal.com.pe/clientes/SitePages/Cortes.aspx -> HTTP 200
[STATIC] https://www.seal.com.pe/clientes/SitePages/Cortes.aspx?CalendarDate=2026-06-01&CalendarPeriod=month -> HTTP 200
[STATIC IDS] [5835, 5836, 5837, 5838, 5839, 5840, 5841, 5842, 5843, 5844, 5845, 5846, 5847, 5848, 5849, 5850, 5851, 5852, 5853, 5854, 5855, 5856, 5857, 5858, 5859, 5860, 5861, 5862, 5863, 5864, 5865, 5866, 5867, 5868, 5869, 5870, 5871, 5872, 5873]
[STATIC] https://www.seal.com.pe/clientes/SitePages/Cortes.aspx?CalendarDate=2026-07-01&CalendarPeriod=month -> HTTP 200
[STATIC IDS] []
[STATIC] https://www.seal.com.pe/clientes/Lists/Calendario/calendar.aspx?CalendarDate=2026-07-01&CalendarPeriod=month -> HTTP 200
[STATIC IDS] []
[STATIC] https://www.seal.com.pe/clientes/SitePages/Cortes.aspx?CalendarDate=2026-07-01 -> HTTP 200
[STATIC IDS] []
[STATIC] https://www.seal.com.pe/clientes/Lists/Calendario/calendar.aspx?CalendarDate=2026-07-01 -> HTTP 200
[STATIC IDS] []
[STATIC] https://www.seal.com.pe/clientes/SitePages/Cortes.aspx -> HTTP 200
[STATIC IDS] [5835, 5836, 5837, 5838, 5839, 5840, 5841, 5842, 5843, 5844, 5845, 5846, 5847, 5848, 5849, 5850, 5851, 5852, 5853, 5854, 5855, 5856, 5857, 5858, 5859, 5860, 5861, 5862, 5863, 5864, 5865, 5866, 5867, 5868, 5869, 5870, 5871, 5872, 5873]
[DISPFORM REQUESTS] ID 5835 -> HTTP 200
[DISPFORM REQUESTS] ID 5836 -> HTTP 200
[DISPFORM REQUESTS] ID 5837 -> HTTP 200
[DISPFORM REQUESTS] ID 5838 -> HTTP 200
[DISPFORM REQUESTS] ID 5839 -> HTTP 200
[DISPFORM REQUESTS] ID 5840 -> HTTP 200
[DISPFORM REQUESTS] ID 5841 -> HTTP 200
[DISPFORM REQUESTS] ID 5842 -> HTTP 200
[DISPFORM REQUESTS] ID 5843 -> HTTP 200
[DISPFORM REQUESTS] ID 5844 -> HTTP 200
[DISPFORM REQUESTS] ID 5845 -> HTTP 200
[DISPFORM REQUESTS] ID 5846 -> HTTP 200
[DISPFORM REQUESTS] ID 5847 -> HTTP 200
[DISPFORM REQUESTS] ID 5848 -> HTTP 200
[DISPFORM REQUESTS] ID 5849 -> HTTP 200
[DISPFORM REQUESTS] ID 5850 -> HTTP 200
[DISPFORM REQUESTS] ID 5851 -> HTTP 200
[DISPFORM REQUESTS] ID 5852 -> HTTP 200
[DISPFORM REQUESTS] ID 5853 -> HTTP 200
[DISPFORM REQUESTS] ID 5854 -> HTTP 200
[DISPFORM REQUESTS] ID 5855 -> HTTP 200
[DISPFORM REQUESTS] ID 5856 -> HTTP 200
[DISPFORM REQUESTS] ID 5857 -> HTTP 200
[DISPFORM REQUESTS] ID 5858 -> HTTP 200
[DISPFORM REQUESTS] ID 5859 -> HTTP 200
[DISPFORM REQUESTS] ID 5860 -> HTTP 200
[DISPFORM REQUESTS] ID 5861 -> HTTP 200
[DISPFORM REQUESTS] ID 5862 -> HTTP 200
[DISPFORM REQUESTS] ID 5863 -> HTTP 200
[DISPFORM REQUESTS] ID 5864 -> HTTP 200
[DISPFORM REQUESTS] ID 5865 -> HTTP 200
[DISPFORM REQUESTS] ID 5866 -> HTTP 200
[DISPFORM REQUESTS] ID 5867 -> HTTP 200
[DISPFORM REQUESTS] ID 5868 -> HTTP 200
[DISPFORM REQUESTS] ID 5869 -> HTTP 200
[DISPFORM REQUESTS] ID 5870 -> HTTP 200
[DISPFORM REQUESTS] ID 5871 -> HTTP 200
[DISPFORM REQUESTS] ID 5872 -> HTTP 200
[DISPFORM REQUESTS] ID 5873 -> HTTP 200

Resumen final
Metodo IDs: REQUESTS_STATIC
IDs detectados: 39
Eventos totales extraídos: 39
Eventos en rango: 28
Fin: 2026-06-20T19:40:43.021638
